/home/masoud/.arcrc
/home/masoud/.bash_history
/home/masoud/.bashrc~
/home/masoud/.bzr.log
/home/masoud/.cache
/home/masoud/.cert
/home/masoud/.claws-mail
/home/masoud/.config
/home/masoud/Desktop
/home/masoud/Downloads
/home/masoud/.emacs.d~
/home/masoud/.esd_auth
/home/masoud/.esmtp_queue
/home/masoud/.gnome2
/home/masoud/.gnome2_private
/home/masoud/.gnupg
/home/masoud/.ICEauthority
/home/masoud/.local
/home/masoud/.m2
/home/masoud/.mozilla
/home/masoud/Music
/home/masoud/.npm
/home/masoud/opt
/home/masoud/.pilvi_workstation_setup_status
/home/masoud/.pki
/home/masoud/Projects-backup
/home/masoud/Projects-exp
/home/masoud/Public
/home/masoud/.python_history
/home/masoud/Restores
/home/masoud/rpmbuild
/home/masoud/snap
/home/masoud/Source
/home/masoud/.ssh~~
/home/masoud/Templates
/home/masoud/Videos
/home/masoud/.viminfo
/home/masoud/VirtualBox VMs
/home/masoud/.vscode
/home/masoud/.vuerc
/home/masoud/.vue-templates
/home/masoud/.xsession-errors
/home/masoud/.xsession-errors.old